0 info it worked if it ends with ok
1 verbose cli [ 'C:\\Program Files\\nodejs\\node.exe',
1 verbose cli   'C:\\Program Files\\nodejs\\node_modules\\npm\\bin\\npm-cli.js',
1 verbose cli   'run',
1 verbose cli   'protractor' ]
2 info using npm@3.10.8
3 info using node@v6.9.1
4 verbose run-script [ 'preprotractor', 'protractor', 'postprotractor' ]
5 info lifecycle protractor-cucumber-example@~preprotractor: protractor-cucumber-example@
6 silly lifecycle protractor-cucumber-example@~preprotractor: no script for preprotractor, continuing
7 info lifecycle protractor-cucumber-example@~protractor: protractor-cucumber-example@
8 verbose lifecycle protractor-cucumber-example@~protractor: unsafe-perm in lifecycle true
9 verbose lifecycle protractor-cucumber-example@~protractor: PATH: C:\Program Files\nodejs\node_modules\npm\bin\node-gyp-bin;C:\Users\Rameez CM\Documents\cucumberExample\node_modules\.bin;C:\ProgramData\Oracle\Java\javapath;C:\Windows\system32;C:\Windows;C:\Windows\System32\Wbem;C:\Windows\System32\WindowsPowerShell\v1.0\;C:\Program Files (x86)\ATI Technologies\ATI.ACE\Core-Static;C:\Program Files\nodejs\;C:\Program Files\Git\cmd;D:\apache-maven-3.3.9-bin\apache-maven-3.3.9\bin;C:\Users\Rameez CM\Downloads\Compressed\android\tools;C:\Users\Rameez CM\Downloads\Compressed\android\platform-tools;C:\Users\Rameez CM\AppData\Roaming\npm;C:\Users\Rameez CM\Downloads\Compressed\android\tools;C:\Users\Rameez CM\Downloads\Compressed\android\platform-tools;
10 verbose lifecycle protractor-cucumber-example@~protractor: CWD: C:\Users\Rameez CM\Documents\cucumberExample
11 silly lifecycle protractor-cucumber-example@~protractor: Args: [ '/d /s /c', 'protractor protractor.conf.js' ]
12 silly lifecycle protractor-cucumber-example@~protractor: Returned: code: 199  signal: null
13 info lifecycle protractor-cucumber-example@~protractor: Failed to exec protractor script
14 verbose stack Error: protractor-cucumber-example@ protractor: `protractor protractor.conf.js`
14 verbose stack Exit status 199
14 verbose stack     at EventEmitter.<anonymous> (C:\Program Files\nodejs\node_modules\npm\lib\utils\lifecycle.js:255:16)
14 verbose stack     at emitTwo (events.js:106:13)
14 verbose stack     at EventEmitter.emit (events.js:191:7)
14 verbose stack     at ChildProcess.<anonymous> (C:\Program Files\nodejs\node_modules\npm\lib\utils\spawn.js:40:14)
14 verbose stack     at emitTwo (events.js:106:13)
14 verbose stack     at ChildProcess.emit (events.js:191:7)
14 verbose stack     at maybeClose (internal/child_process.js:877:16)
14 verbose stack     at Process.ChildProcess._handle.onexit (internal/child_process.js:226:5)
15 verbose pkgid protractor-cucumber-example@
16 verbose cwd C:\Users\Rameez CM\Documents\cucumberExample
17 error Windows_NT 6.3.9600
18 error argv "C:\\Program Files\\nodejs\\node.exe" "C:\\Program Files\\nodejs\\node_modules\\npm\\bin\\npm-cli.js" "run" "protractor"
19 error node v6.9.1
20 error npm  v3.10.8
21 error code ELIFECYCLE
22 error protractor-cucumber-example@ protractor: `protractor protractor.conf.js`
22 error Exit status 199
23 error Failed at the protractor-cucumber-example@ protractor script 'protractor protractor.conf.js'.
23 error Make sure you have the latest version of node.js and npm installed.
23 error If you do, this is most likely a problem with the protractor-cucumber-example package,
23 error not with npm itself.
23 error Tell the author that this fails on your system:
23 error     protractor protractor.conf.js
23 error You can get information on how to open an issue for this project with:
23 error     npm bugs protractor-cucumber-example
23 error Or if that isn't available, you can get their info via:
23 error     npm owner ls protractor-cucumber-example
23 error There is likely additional logging output above.
24 verbose exit [ 1, true ]
